<?xml version="1.0" encoding="UTF-8"?>
<!-- Generated by org.testng.reporters.JUnitXMLReporter -->
<testsuite ignored="0" hostname="AJ" failures="1" tests="6" name="Personal Loan" time="0.187" errors="0" timestamp="2024-08-12T16:54:04 IST">
  <testcase classname="TestApplication.BasicsDay1" name="SecondTest" time="0.016"/>
  <testcase classname="TestApplication.BasicsDay1" name="demo" time="0.023">
    <failure type="java.lang.AssertionError" message="expected [true] but found [false]">
      <![CDATA[java.lang.AssertionError: expected [true] but found [false]
at TestApplication.BasicsDay1.demo(BasicsDay1.java:19)
at java.base/java.util.ArrayList.forEach(ArrayList.java:1511)
at java.base/java.util.concurrent.FutureTask.run(FutureTask.java:317)
at java.base/java.util.concurrent.ThreadPoolExecutor.runWorker(ThreadPoolExecutor.java:1144)
at java.base/java.util.concurrent.ThreadPoolExecutor$Worker.run(ThreadPoolExecutor.java:642)
at java.base/java.lang.Thread.run(Thread.java:1589)
... Removed 19 stack frames]]>
    </failure>
  </testcase> <!-- demo -->
  <testcase classname="TestApplication.day4" name="loginApi" time="0.003"/>
  <testcase classname="TestApplication.day4" name="mobileloginHome" time="0.003"/>
  <testcase classname="TestApplication.day4" name="webLogin" time="0.007"/>
  <testcase classname="TestApplication.Day2" name="personalLoan" time="0.003"/>
</testsuite> <!-- Personal Loan -->
