<?xml version="1.0" encoding="UTF-8"?>
<!-- Generated by org.testng.reporters.JUnitXMLReporter -->
<testsuite ignored="6" hostname="AJ" failures="0" tests="3" name="Regression" time="0.153" errors="0" timestamp="2024-08-07T17:56:13 IST">
  <testcase classname="TestApplication.Day2" name="personalLoan" time="0.026"/>
  <testcase classname="TestApplication.day4" name="mobileloginHome" time="0.003"/>
  <testcase classname="TestApplication.day3" name="mobileloginCar" time="0.003"/>
  <testcase classname="TestApplication.day4" name="webLogin" time="0.0">
    <ignored/>
  </testcase> <!-- webLogin -->
  <testcase classname="TestApplication.day3" name="webLoginCar" time="0.0">
    <ignored/>
  </testcase> <!-- webLoginCar -->
  <testcase classname="TestApplication.day4" name="loginApi" time="0.0">
    <ignored/>
  </testcase> <!-- loginApi -->
  <testcase classname="TestApplication.BasicsDay1" name="SecondTest" time="0.0">
    <ignored/>
  </testcase> <!-- SecondTest -->
  <testcase classname="TestApplication.day3" name="loginApiCar" time="0.0">
    <ignored/>
  </testcase> <!-- loginApiCar -->
  <testcase classname="TestApplication.BasicsDay1" name="demo" time="0.0">
    <ignored/>
  </testcase> <!-- demo -->
</testsuite> <!-- Regression -->
