<?xml version="1.0" encoding="UTF-8"?>
<!-- Generated by org.testng.reporters.JUnitXMLReporter -->
<testsuite ignored="0" hostname="AJ" failures="1" tests="2" name="Error Validations Test" time="24.808" errors="0" timestamp="2024-09-02T18:24:39 IST">
  <testcase classname="BaseTest.ErrorValidations" name="productNameErrorValidation" time="13.838"/>
  <testcase classname="BaseTest.ErrorValidations" name="submitOrder" time="1.177">
    <failure type="java.lang.AssertionError" message="expected [Incorrect email or password.] but found [Incorrect email o passwoord.]">
      <![CDATA[java.lang.AssertionError: expected [Incorrect email or password.] but found [Incorrect email o passwoord.]
at BaseTest.ErrorValidations.submitOrder(ErrorValidations.java:23)
at java.base/java.util.ArrayList.forEach(ArrayList.java:1511)
at java.base/java.util.concurrent.FutureTask.run(FutureTask.java:317)
at java.base/java.util.concurrent.ThreadPoolExecutor.runWorker(ThreadPoolExecutor.java:1144)
at java.base/java.util.concurrent.ThreadPoolExecutor$Worker.run(ThreadPoolExecutor.java:642)
at java.base/java.lang.Thread.run(Thread.java:1589)
... Removed 21 stack frames]]>
    </failure>
  </testcase> <!-- submitOrder -->
</testsuite> <!-- Error Validations Test -->
