<?xml version="1.0" encoding="UTF-8"?>
<testng-results ignored="0" total="1" passed="1" failed="0" skipped="0">
  <reporter-output>
  </reporter-output>
  <suite started-at="2024-02-25T00:21:59 IST" name="Default suite" finished-at="2024-02-25T00:22:10 IST" duration-ms="11643">
    <groups>
    </groups>
    <test started-at="2024-02-25T00:21:59 IST" name="Default test" finished-at="2024-02-25T00:22:10 IST" duration-ms="11643">
      <class name="testCases.TC_01_flightBook">
        <test-method is-config="true" signature="browserlaunch()[pri:0, instance:testCases.TC_01_flightBook@34a3d150]" started-at="2024-02-25T00:21:59 IST" name="browserlaunch" finished-at="2024-02-25T00:22:10 IST" duration-ms="10997" status="PASS">
          <reporter-output>
          </reporter-output>
        </test-method> <!-- browserlaunch -->
        <test-method signature="americanAirlines()[pri:0, instance:testCases.TC_01_flightBook@34a3d150]" started-at="2024-02-25T00:22:10 IST" name="americanAirlines" finished-at="2024-02-25T00:22:10 IST" duration-ms="557" status="PASS">
          <reporter-output>
          </reporter-output>
        </test-method> <!-- americanAirlines -->
      </class> <!-- testCases.TC_01_flightBook -->
    </test> <!-- Default test -->
  </suite> <!-- Default suite -->
</testng-results>
