<?xml version="1.0" encoding="UTF-8"?>
<!-- Generated by org.testng.reporters.JUnitXMLReporter -->
<testsuite ignored="0" hostname="AJ" failures="0" tests="2" name="Error Validations Test" time="4.579" errors="0" timestamp="2024-09-10T18:00:28 IST">
  <testcase classname="BaseTest.ErrorValidations" name="productNameErrorValidation" time="0.001">
    <skipped/>
  </testcase> <!-- productNameErrorValidation -->
  <testcase classname="BaseTest.ErrorValidations" name="submitOrder" time="0.0">
    <skipped/>
  </testcase> <!-- submitOrder -->
</testsuite> <!-- Error Validations Test -->
