<?xml version="1.0" encoding="UTF-8"?>
<testng-results ignored="0" total="1" passed="1" failed="0" skipped="0">
  <reporter-output>
  </reporter-output>
  <suite started-at="2024-08-16T13:31:52 IST" name="Default suite" finished-at="2024-08-16T13:31:52 IST" duration-ms="141">
    <groups>
    </groups>
    <test started-at="2024-08-16T13:31:52 IST" name="Default test" finished-at="2024-08-16T13:31:52 IST" duration-ms="141">
      <class name="Practice.PS1">
        <test-method is-config="true" signature="beforeRun()[pri:0, instance:Practice.PS1@7ec7ffd3]" started-at="2024-08-16T13:31:52 IST" name="beforeRun" finished-at="2024-08-16T13:31:52 IST" duration-ms="21" status="PASS">
          <reporter-output>
          </reporter-output>
        </test-method> <!-- beforeRun -->
        <test-method signature="testRun()[pri:0, instance:Practice.PS1@7ec7ffd3]" started-at="2024-08-16T13:31:52 IST" name="testRun" finished-at="2024-08-16T13:31:52 IST" duration-ms="19" status="PASS">
          <reporter-output>
          </reporter-output>
        </test-method> <!-- testRun -->
        <test-method is-config="true" signature="afterRun()[pri:0, instance:Practice.PS1@7ec7ffd3]" started-at="2024-08-16T13:31:52 IST" name="afterRun" finished-at="2024-08-16T13:31:52 IST" duration-ms="2" status="PASS">
          <reporter-output>
          </reporter-output>
        </test-method> <!-- afterRun -->
      </class> <!-- Practice.PS1 -->
    </test> <!-- Default test -->
  </suite> <!-- Default suite -->
</testng-results>
